<?xml version="1.0" encoding="UTF-8"?>
<testsuite name="com.vpo.vbclient.ApplicationTests" time="9.084" tests="13" errors="0" skipped="0" failures="0">
  <properties>
[...]
</properties>
  <testcase name="testLanguages" classname="com.vpo.vbclient.ApplicationTests" time="4.01"/>
  <testcase name="testFavoritesAndHistory" classname="com.vpo.vbclient.ApplicationTests" time="1.178"/>
  <testcase name="testWithTestOrg" classname="com.vpo.vbclient.ApplicationTests" time="0.214"/>
  <testcase name="testQueue" classname="com.vpo.vbclient.ApplicationTests" time="1.103"/>
  <testcase name="testTags" classname="com.vpo.vbclient.ApplicationTests" time="0.16"/>
  <testcase name="testSearchClientBrowse" classname="com.vpo.vbclient.ApplicationTests" time="0.343"/>
  <testcase name="testSearchClient" classname="com.vpo.vbclient.ApplicationTests" time="0.233"/>
  <testcase name="testPagingation" classname="com.vpo.vbclient.ApplicationTests" time="0.663"/>
  <testcase name="restTemplateTest" classname="com.vpo.vbclient.ApplicationTests" time="0.446"/>
  <testcase name="contextLoads" classname="com.vpo.vbclient.ApplicationTests" time="0.001"/>
  <testcase name="testLights" classname="com.vpo.vbclient.ApplicationTests" time="0.084"/>
  <testcase name="testSession" classname="com.vpo.vbclient.ApplicationTests" time="0.555"/>
  <testcase name="testSongsClient" classname="com.vpo.vbclient.ApplicationTests" time="0.094"/>
</testsuite>